NFC/nfc-reader/app/build/outputs/logs/manifest-merger-debug-report.txt
-- Merging decision tree log ---
manifest
ADDED from src/main/AndroidManifest.xml:17:1-50:12
INJECTED from src/main/AndroidManifest.xml:17:1-50:12
INJECTED from src/main/AndroidManifest.xml:17:1-50:12
INJECTED from src/main/AndroidManifest.xml:17:1-50:12
INJECTED from src/main/AndroidManifest.xml:17:1-50:12
INJECTED from src/main/AndroidManifest.xml:17:1-50:12
INJECTED from src/main/AndroidManifest.xml:17:1-50:12
	package
		ADDED from src/main/AndroidManifest.xml:19:5-34
		INJECTED from src/main/AndroidManifest.xml
		INJECTED from src/main/AndroidManifest.xml
	android:versionName
		ADDED from src/main/AndroidManifest.xml:21:5-31
		INJECTED from src/main/AndroidManifest.xml
		INJECTED from src/main/AndroidManifest.xml
	xmlns:android
		ADDED from src/main/AndroidManifest.xml:18:5-63
	android:versionCode
		ADDED from src/main/AndroidManifest.xml:20:5-29
		INJECTED from src/main/AndroidManifest.xml
		INJECTED from src/main/AndroidManifest.xml
	android:installLocation
		ADDED from src/main/AndroidManifest.xml:22:5-35
uses-sdk
ADDED from src/main/AndroidManifest.xml:24:5-74
INJECTED from src/main/AndroidManifest.xml:24:5-74
INJECTED from src/main/AndroidManifest.xml:24:5-74
INJECTED from src/main/AndroidManifest.xml:24:5-74
INJECTED from src/main/AndroidManifest.xml:24:5-74
	android:targetSdkVersion
		ADDED from src/main/AndroidManifest.xml:24:42-71
		INJECTED from src/main/AndroidManifest.xml
		INJECTED from src/main/AndroidManifest.xml
	android:minSdkVersion
		ADDED from src/main/AndroidManifest.xml:24:15-41
		INJECTED from src/main/AndroidManifest.xml
		INJECTED from src/main/AndroidManifest.xml
uses-permission#android.permission.NFC
ADDED from src/main/AndroidManifest.xml:26:5-62
	android:name
		ADDED from src/main/AndroidManifest.xml:26:22-59
uses-feature#android.hardware.nfc
ADDED from src/main/AndroidManifest.xml:27:5-57
	android:name
		ADDED from src/main/AndroidManifest.xml:27:19-54
application
ADDED from src/main/AndroidManifest.xml:29:5-48:19
	android:label
		ADDED from src/main/AndroidManifest.xml:31:9-41
	android:icon
		ADDED from src/main/AndroidManifest.xml:30:9-38
	android:allowBackup
		ADDED from src/main/AndroidManifest.xml:32:9-35
activity#se.anyro.nfc_reader.TagViewer
ADDED from src/main/AndroidManifest.xml:33:9-47:20
	android:screenOrientation
		ADDED from src/main/AndroidManifest.xml:36:13-49
	android:label
		ADDED from src/main/AndroidManifest.xml:35:13-45
	android:launchMode
		ADDED from src/main/AndroidManifest.xml:38:13-48
	android:alwaysRetainTaskState
		ADDED from src/main/AndroidManifest.xml:37:13-49
	android:name
		ADDED from src/main/AndroidManifest.xml:34:13-37
intent-filter#action:name:android.intent.action.MAIN+category:name:android.intent.category.LAUNCHER
ADDED from src/main/AndroidManifest.xml:39:13-42:29
action#android.intent.action.MAIN
ADDED from src/main/AndroidManifest.xml:40:17-69
	android:name
		ADDED from src/main/AndroidManifest.xml:40:25-66
category#android.intent.category.LAUNCHER
ADDED from src/main/AndroidManifest.xml:41:17-77
	android:name
		ADDED from src/main/AndroidManifest.xml:41:27-74
intent-filter#action:name:android.nfc.action.TAG_DISCOVERED+category:name:android.intent.category.DEFAULT
ADDED from src/main/AndroidManifest.xml:43:13-46:29
action#android.nfc.action.TAG_DISCOVERED
ADDED from src/main/AndroidManifest.xml:44:17-75
	android:name
		ADDED from src/main/AndroidManifest.xml:44:25-73
category#android.intent.category.DEFAULT
ADDED from src/main/AndroidManifest.xml:45:17-75
	android:name
		ADDED from src/main/AndroidManifest.xml:45:27-73